Unity Editor version:    6000.0.34f1 (5ab2d9ed9190)
Branch:                  6000.0/staging
Build type:              Release
Batch mode:              YES
macOS version:           Version 15.3.2 (Build 24D81)
Darwin version:          24.3.0
Architecture:            arm64
Running under Rosetta:   NO
Available memory:        16384 MB
Using pre-set license
Pro License: YES

COMMAND LINE ARGUMENTS:
/Applications/Unity/Unity.app/Contents/MacOS/Unity
-adb2
-batchMode
-noUpm
-name
AssetImportWorker0
-projectPath
/Users/eva/Desktop/GAMES103/My project
-logFile
Logs/AssetImportWorker0.log
-srvPort
49237
-job-worker-count
3
-background-job-worker-count
8
-gc-helper-count
1
Successfully changed project path to: /Users/eva/Desktop/GAMES103/My project
/Users/eva/Desktop/GAMES103/My project
[UnityMemory] Configuration Parameters - Can be set up in boot.config
    "memorysetup-bucket-allocator-granularity=16"
    "memorysetup-bucket-allocator-bucket-count=8"
    "memorysetup-bucket-allocator-block-size=33554432"
    "memorysetup-bucket-allocator-block-count=8"
    "memorysetup-main-allocator-block-size=16777216"
    "memorysetup-thread-allocator-block-size=16777216"
    "memorysetup-gfx-main-allocator-block-size=16777216"
    "memorysetup-gfx-thread-allocator-block-size=16777216"
    "memorysetup-cache-allocator-block-size=4194304"
    "memorysetup-typetree-allocator-block-size=2097152"
    "memorysetup-profiler-bucket-allocator-granularity=16"
    "memorysetup-profiler-bucket-allocator-bucket-count=8"
    "memorysetup-profiler-bucket-allocator-block-size=33554432"
    "memorysetup-profiler-bucket-allocator-block-count=8"
    "memorysetup-profiler-allocator-block-size=16777216"
    "memorysetup-profiler-editor-allocator-block-size=1048576"
    "memorysetup-temp-allocator-size-main=16777216"
    "memorysetup-job-temp-allocator-block-size=2097152"
    "memorysetup-job-temp-allocator-block-size-background=1048576"
    "memorysetup-job-temp-allocator-reduction-small-platforms=262144"
    "memorysetup-allocator-temp-initial-block-size-main=262144"
    "memorysetup-allocator-temp-initial-block-size-worker=262144"
    "memorysetup-temp-allocator-size-background-worker=32768"
    "memorysetup-temp-allocator-size-job-worker=262144"
    "memorysetup-temp-allocator-size-preload-manager=33554432"
    "memorysetup-temp-allocator-size-nav-mesh-worker=65536"
    "memorysetup-temp-allocator-size-audio-worker=65536"
    "memorysetup-temp-allocator-size-cloud-worker=32768"
    "memorysetup-temp-allocator-size-gi-baking-worker=262144"
    "memorysetup-temp-allocator-size-gi-baking-worker=262144"
    "memorysetup-temp-allocator-size-gi-baking-worker=262144"
    "memorysetup-temp-allocator-size-gi-baking-worker=262144"
    "memorysetup-temp-allocator-size-gi-baking-worker=262144"
    "memorysetup-temp-allocator-size-gfx=262144"
Player connection [8370931776]  Target information:

Player connection [8370931776]  * "[IP] 192.168.1.154 [Port] 0 [Flags] 2 [Guid] 3173934971 [EditorId] 3173934971 [Version] 1048832 [Id] OSXEditor(0,M3) [Debug] 1 [PackageName] OSXEditor [ProjectName] Editor" 

Player connection [8370931776] Host joined multi-casting on [225.0.0.222:54997]...
Player connection [8370931776] Host joined alternative multi-casting on [225.0.0.222:34997]...
JobSystem: Creating JobQueue using job-worker-count value 3
Input System module state changed to: Initialized.
[Physics::Module] Initialized fallback backend.
[Physics::Module] Id: 0xdecafbad
Library Redirect Path: Library/
[Physics::Module] Selected backend.
[Physics::Module] Name: PhysX
[Physics::Module] Id: 0xf2b8ea05
[Physics::Module] SDK Version: 4.1.2
[Physics::Module] Integration Version: 1.0.0
[Physics::Module] Threading Mode: Multi-Threaded
Refreshing native plugins compatible for Editor in 1.89 ms, found 2 plugins.
Preloading 0 native plugins for Editor in 0.00 ms.
Initialize engine version: 6000.0.34f1 (5ab2d9ed9190)
[Subsystems] Discovering subsystems at path /Applications/Unity/Unity.app/Contents/Resources/UnitySubsystems
[Subsystems] Discovering subsystems at path /Users/eva/Desktop/GAMES103/My project/Assets
GfxDevice: creating device client; kGfxThreadingModeNonThreaded
 preferred device: Apple M3 (high power)
Metal devices available: 1
0: Apple M3 (high power)
Using device Apple M3 (high power)
Initializing Metal device caps: Apple M3
Initialize mono
Mono path[0] = '/Applications/Unity/Unity.app/Contents/Managed'
Mono path[1] = '/Applications/Unity/Unity.app/Contents/MonoBleedingEdge/lib/mono/unityjit-macos'
Mono config path = '/Applications/Unity/Unity.app/Contents/MonoBleedingEdge/etc'
Using monoOptions --debugger-agent=transport=dt_socket,embedding=1,server=y,suspend=n,address=127.0.0.1:56454
Begin MonoManager ReloadAssembly
Registering precompiled unity dll's ...
Register platform support module: /Applications/Unity/Unity.app/Contents/PlaybackEngines/MacStandaloneSupport/UnityEditor.OSXStandalone.Extensions.dll
Registered in 0.002652 seconds.
- Loaded All Assemblies, in  0.226 seconds
Native extension for OSXStandalone target not found
Mono: successfully reloaded assembly
- Finished resetting the current domain, in  0.192 seconds
Domain Reload Profiling: 418ms
	BeginReloadAssembly (80ms)
		ExecutionOrderSort (0ms)
		DisableScriptedObjects (0ms)
		BackupInstance (0ms)
		ReleaseScriptingObjects (0ms)
		CreateAndSetChildDomain (0ms)
	RebuildCommonClasses (20ms)
	RebuildNativeTypeToScriptingClass (8ms)
	initialDomainReloadingComplete (25ms)
	LoadAllAssembliesAndSetupDomain (94ms)
		LoadAssemblies (80ms)
		RebuildTransferFunctionScriptingTraits (0ms)
		AnalyzeDomain (92ms)
			TypeCache.Refresh (91ms)
				TypeCache.ScanAssembly (82ms)
			BuildScriptInfoCaches (0ms)
			ResolveRequiredComponents (0ms)
	FinalizeReload (192ms)
		ReleaseScriptCaches (0ms)
		RebuildScriptCaches (0ms)
		SetupLoadedEditorAssemblies (167ms)
			LogAssemblyErrors (0ms)
			InitializePlatformSupportModulesInManaged (23ms)
			SetLoadedEditorAssemblies (3ms)
			BeforeProcessingInitializeOnLoad (32ms)
			ProcessInitializeOnLoadAttributes (67ms)
			ProcessInitializeOnLoadMethodAttributes (42ms)
			AfterProcessingInitializeOnLoad (0ms)
			EditorAssembliesLoaded (0ms)
		ExecutionOrderSort2 (0ms)
		AwakeInstancesAfterBackupRestoration (0ms)
========================================================================
Worker process is ready to serve import requests
Import Worker Mode flag is 0x00
Begin MonoManager ReloadAssembly
- Loaded All Assemblies, in  0.415 seconds
Refreshing native plugins compatible for Editor in 0.23 ms, found 2 plugins.
Native extension for OSXStandalone target not found
Mono: successfully reloaded assembly
- Finished resetting the current domain, in  0.569 seconds
Domain Reload Profiling: 984ms
	BeginReloadAssembly (79ms)
		ExecutionOrderSort (0ms)
		DisableScriptedObjects (3ms)
		BackupInstance (0ms)
		ReleaseScriptingObjects (0ms)
		CreateAndSetChildDomain (28ms)
	RebuildCommonClasses (21ms)
	RebuildNativeTypeToScriptingClass (8ms)
	initialDomainReloadingComplete (17ms)
	LoadAllAssembliesAndSetupDomain (290ms)
		LoadAssemblies (190ms)
		RebuildTransferFunctionScriptingTraits (0ms)
		AnalyzeDomain (129ms)
			TypeCache.Refresh (97ms)
				TypeCache.ScanAssembly (85ms)
			BuildScriptInfoCaches (25ms)
			ResolveRequiredComponents (5ms)
	FinalizeReload (570ms)
		ReleaseScriptCaches (0ms)
		RebuildScriptCaches (0ms)
		SetupLoadedEditorAssemblies (476ms)
			LogAssemblyErrors (0ms)
			InitializePlatformSupportModulesInManaged (1ms)
			SetLoadedEditorAssemblies (5ms)
			BeforeProcessingInitializeOnLoad (113ms)
			ProcessInitializeOnLoadAttributes (310ms)
			ProcessInitializeOnLoadMethodAttributes (47ms)
			AfterProcessingInitializeOnLoad (0ms)
			EditorAssembliesLoaded (0ms)
		ExecutionOrderSort2 (0ms)
		AwakeInstancesAfterBackupRestoration (2ms)
Launching external process: /Applications/Unity/Unity.app/Contents/Tools/UnityShaderCompiler
Launched and connected shader compiler UnityShaderCompiler after 0.03 seconds
Refreshing native plugins compatible for Editor in 0.35 ms, found 2 plugins.
Preloading 0 native plugins for Editor in 0.00 ms.
Unloading 198 Unused Serialized files (Serialized files now loaded: 0)
Unloading 5936 unused Assets / (3.4 MB). Loaded Objects now: 6622.
Memory consumption went from 164.0 MB to 160.6 MB.
Total: 5.226125 ms (FindLiveObjects: 0.297000 ms CreateObjectMapping: 0.130416 ms MarkObjects: 3.564250 ms  DeleteObjects: 1.234041 ms)

========================================================================
Received Import Request.
  Time since last request: 29409.465869 seconds.
  path: Assets/Rigid_Bunny.cs
  artifactKey: Guid(bfc2715a9b5854dd6abcd97c5de4f837) Importer(815301076,1909f56bfc062723c751e8b465ee728b)
Start importing Assets/Rigid_Bunny.cs using Guid(bfc2715a9b5854dd6abcd97c5de4f837) Importer(815301076,1909f56bfc062723c751e8b465ee728b) (PreviewImporter) -> (artifact id: 'ee7ae39ddea318147a3575e26d9a90fa') in 0.00231325 seconds
Number of updated asset objects reloaded before import = 0Number of asset objects unloaded after import = 0

========================================================================
Received Prepare
Refreshing native plugins compatible for Editor in 0.59 ms, found 2 plugins.
Preloading 0 native plugins for Editor in 0.00 ms.
Unloading 14 Unused Serialized files (Serialized files now loaded: 0)
Unloading 5925 unused Assets / (2.7 MB). Loaded Objects now: 6624.
Memory consumption went from 130.0 MB to 127.3 MB.
Total: 23.699250 ms (FindLiveObjects: 0.565584 ms CreateObjectMapping: 0.299375 ms MarkObjects: 21.813792 ms  DeleteObjects: 1.019750 ms)

Prepare: number of updated asset objects reloaded= 0
========================================================================
Received Import Request.
  Time since last request: 15270.449231 seconds.
  path: Assets/Rigid_Bunny_by_Shape_Matching.cs
  artifactKey: Guid(4a206a17ab354461d9109c257bb47bf2) Importer(815301076,1909f56bfc062723c751e8b465ee728b)
Start importing Assets/Rigid_Bunny_by_Shape_Matching.cs using Guid(4a206a17ab354461d9109c257bb47bf2) Importer(815301076,1909f56bfc062723c751e8b465ee728b) (PreviewImporter) -> (artifact id: 'e071c3b19346fb7fad92edac71eba130') in 0.007142291 seconds
Number of updated asset objects reloaded before import = 0Number of asset objects unloaded after import = 0

========================================================================
Received Prepare
Refreshing native plugins compatible for Editor in 0.28 ms, found 2 plugins.
Preloading 0 native plugins for Editor in 0.00 ms.
Unloading 14 Unused Serialized files (Serialized files now loaded: 0)
Unloading 5925 unused Assets / (3.1 MB). Loaded Objects now: 6624.
Memory consumption went from 127.7 MB to 124.6 MB.
Total: 5.257250 ms (FindLiveObjects: 0.305958 ms CreateObjectMapping: 0.113500 ms MarkObjects: 3.513375 ms  DeleteObjects: 1.324000 ms)

Prepare: number of updated asset objects reloaded= 0
========================================================================
Received Prepare
Refreshing native plugins compatible for Editor in 0.23 ms, found 2 plugins.
Preloading 0 native plugins for Editor in 0.00 ms.
Unloading 14 Unused Serialized files (Serialized files now loaded: 0)
Unloading 5925 unused Assets / (2.3 MB). Loaded Objects now: 6624.
Memory consumption went from 125.4 MB to 123.2 MB.
Total: 5.080875 ms (FindLiveObjects: 0.291459 ms CreateObjectMapping: 0.112250 ms MarkObjects: 3.702541 ms  DeleteObjects: 0.974250 ms)

Prepare: number of updated asset objects reloaded= 0
========================================================================
Received Import Request.
  Time since last request: 714.797775 seconds.
  path: Assets/Rigid_Bunny_by_Shape_Matching.cs
  artifactKey: Guid(4a206a17ab354461d9109c257bb47bf2) Importer(815301076,1909f56bfc062723c751e8b465ee728b)
Start importing Assets/Rigid_Bunny_by_Shape_Matching.cs using Guid(4a206a17ab354461d9109c257bb47bf2) Importer(815301076,1909f56bfc062723c751e8b465ee728b) (PreviewImporter) -> (artifact id: 'a9c8d9c6f029d6f6f4c7e23a15c291a6') in 0.000298375 seconds
Number of updated asset objects reloaded before import = 0Number of asset objects unloaded after import = 0

========================================================================
Received Prepare
Refreshing native plugins compatible for Editor in 0.27 ms, found 2 plugins.
Preloading 0 native plugins for Editor in 0.00 ms.
Unloading 14 Unused Serialized files (Serialized files now loaded: 0)
Unloading 5925 unused Assets / (2.9 MB). Loaded Objects now: 6624.
Memory consumption went from 123.2 MB to 120.3 MB.
Total: 4.805833 ms (FindLiveObjects: 0.297667 ms CreateObjectMapping: 0.105208 ms MarkObjects: 3.487209 ms  DeleteObjects: 0.915459 ms)

Prepare: number of updated asset objects reloaded= 0
========================================================================
Received Import Request.
  Time since last request: 25.678599 seconds.
  path: Assets/Rigid_Bunny_by_Shape_Matching.cs
  artifactKey: Guid(4a206a17ab354461d9109c257bb47bf2) Importer(815301076,1909f56bfc062723c751e8b465ee728b)
Start importing Assets/Rigid_Bunny_by_Shape_Matching.cs using Guid(4a206a17ab354461d9109c257bb47bf2) Importer(815301076,1909f56bfc062723c751e8b465ee728b) (PreviewImporter) -> (artifact id: 'da46ec2683748c50efbd07dfe5d59ea2') in 0.000285 seconds
Number of updated asset objects reloaded before import = 0Number of asset objects unloaded after import = 0

========================================================================
Received Prepare
Refreshing native plugins compatible for Editor in 0.24 ms, found 2 plugins.
Preloading 0 native plugins for Editor in 0.00 ms.
Unloading 14 Unused Serialized files (Serialized files now loaded: 0)
Unloading 5925 unused Assets / (3.3 MB). Loaded Objects now: 6624.
Memory consumption went from 121.9 MB to 118.6 MB.
Total: 6.140125 ms (FindLiveObjects: 0.299875 ms CreateObjectMapping: 0.128917 ms MarkObjects: 3.391875 ms  DeleteObjects: 2.319208 ms)

Prepare: number of updated asset objects reloaded= 0
========================================================================
Received Prepare
Refreshing native plugins compatible for Editor in 0.29 ms, found 2 plugins.
Preloading 0 native plugins for Editor in 0.00 ms.
Unloading 14 Unused Serialized files (Serialized files now loaded: 0)
Unloading 5925 unused Assets / (2.1 MB). Loaded Objects now: 6624.
Memory consumption went from 121.9 MB to 119.8 MB.
Total: 4.948458 ms (FindLiveObjects: 0.344542 ms CreateObjectMapping: 0.128875 ms MarkObjects: 3.533209 ms  DeleteObjects: 0.941333 ms)

Prepare: number of updated asset objects reloaded= 0
========================================================================
Received Import Request.
  Time since last request: 83.219446 seconds.
  path: Assets/Rigid_Bunny_by_Shape_Matching.cs
  artifactKey: Guid(4a206a17ab354461d9109c257bb47bf2) Importer(815301076,1909f56bfc062723c751e8b465ee728b)
Start importing Assets/Rigid_Bunny_by_Shape_Matching.cs using Guid(4a206a17ab354461d9109c257bb47bf2) Importer(815301076,1909f56bfc062723c751e8b465ee728b) (PreviewImporter) -> (artifact id: 'bbab9933ee32d6bd7f4d4538b5cc3e86') in 0.000302166 seconds
Number of updated asset objects reloaded before import = 0Number of asset objects unloaded after import = 0

========================================================================
Received Prepare
Refreshing native plugins compatible for Editor in 0.28 ms, found 2 plugins.
Preloading 0 native plugins for Editor in 0.00 ms.
Unloading 14 Unused Serialized files (Serialized files now loaded: 0)
Unloading 5925 unused Assets / (2.5 MB). Loaded Objects now: 6624.
Memory consumption went from 121.9 MB to 119.4 MB.
Total: 5.441792 ms (FindLiveObjects: 0.498042 ms CreateObjectMapping: 0.139833 ms MarkObjects: 3.694834 ms  DeleteObjects: 1.108333 ms)

Prepare: number of updated asset objects reloaded= 0
========================================================================
Received Prepare
Begin MonoManager ReloadAssembly
Thread 0x32799b000 may have been prematurely finalized
- Loaded All Assemblies, in  0.362 seconds
Refreshing native plugins compatible for Editor in 0.18 ms, found 2 plugins.
Native extension for OSXStandalone target not found
Mono: successfully reloaded assembly
- Finished resetting the current domain, in  0.396 seconds
Domain Reload Profiling: 760ms
	BeginReloadAssembly (96ms)
		ExecutionOrderSort (0ms)
		DisableScriptedObjects (4ms)
		BackupInstance (0ms)
		ReleaseScriptingObjects (0ms)
		CreateAndSetChildDomain (34ms)
	RebuildCommonClasses (19ms)
	RebuildNativeTypeToScriptingClass (8ms)
	initialDomainReloadingComplete (12ms)
	LoadAllAssembliesAndSetupDomain (229ms)
		LoadAssemblies (165ms)
		RebuildTransferFunctionScriptingTraits (0ms)
		AnalyzeDomain (94ms)
			TypeCache.Refresh (8ms)
				TypeCache.ScanAssembly (0ms)
			BuildScriptInfoCaches (79ms)
			ResolveRequiredComponents (5ms)
	FinalizeReload (396ms)
		ReleaseScriptCaches (0ms)
		RebuildScriptCaches (0ms)
		SetupLoadedEditorAssemblies (286ms)
			LogAssemblyErrors (0ms)
			InitializePlatformSupportModulesInManaged (1ms)
			SetLoadedEditorAssemblies (3ms)
			BeforeProcessingInitializeOnLoad (76ms)
			ProcessInitializeOnLoadAttributes (180ms)
			ProcessInitializeOnLoadMethodAttributes (25ms)
			AfterProcessingInitializeOnLoad (0ms)
			EditorAssembliesLoaded (0ms)
		ExecutionOrderSort2 (0ms)
		AwakeInstancesAfterBackupRestoration (4ms)
Refreshing native plugins compatible for Editor in 0.21 ms, found 2 plugins.
Preloading 0 native plugins for Editor in 0.00 ms.
Unloading 24 Unused Serialized files (Serialized files now loaded: 0)
Unloading 5932 unused Assets / (3.3 MB). Loaded Objects now: 6639.
Memory consumption went from 146.2 MB to 142.9 MB.
Total: 4.754417 ms (FindLiveObjects: 0.290917 ms CreateObjectMapping: 0.137167 ms MarkObjects: 3.256750 ms  DeleteObjects: 1.069250 ms)

Prepare: number of updated asset objects reloaded= 0
========================================================================
Received Import Request.
  Time since last request: 359.079739 seconds.
  path: Assets/Rigid_Bunny_by_Shape_Matching.cs
  artifactKey: Guid(4a206a17ab354461d9109c257bb47bf2) Importer(815301076,1909f56bfc062723c751e8b465ee728b)
Start importing Assets/Rigid_Bunny_by_Shape_Matching.cs using Guid(4a206a17ab354461d9109c257bb47bf2) Importer(815301076,1909f56bfc062723c751e8b465ee728b) (PreviewImporter) -> (artifact id: 'f81c3f48927aff041c800f99fc938961') in 0.000696667 seconds
Number of updated asset objects reloaded before import = 0Number of asset objects unloaded after import = 0

========================================================================
Received Prepare
Refreshing native plugins compatible for Editor in 0.32 ms, found 2 plugins.
Preloading 0 native plugins for Editor in 0.00 ms.
Unloading 14 Unused Serialized files (Serialized files now loaded: 0)
Unloading 5925 unused Assets / (2.3 MB). Loaded Objects now: 6639.
Memory consumption went from 136.1 MB to 133.8 MB.
Total: 16.797958 ms (FindLiveObjects: 0.470542 ms CreateObjectMapping: 0.248750 ms MarkObjects: 14.632750 ms  DeleteObjects: 1.444791 ms)

Prepare: number of updated asset objects reloaded= 0
========================================================================
Received Import Request.
  Time since last request: 775.553713 seconds.
  path: Assets/Rigid_Bunny_by_Shape_Matching.cs
  artifactKey: Guid(4a206a17ab354461d9109c257bb47bf2) Importer(815301076,1909f56bfc062723c751e8b465ee728b)
Start importing Assets/Rigid_Bunny_by_Shape_Matching.cs using Guid(4a206a17ab354461d9109c257bb47bf2) Importer(815301076,1909f56bfc062723c751e8b465ee728b) (PreviewImporter) -> (artifact id: '6560ef45f5184845a1d80f7cdc5d9ad9') in 0.000486333 seconds
Number of updated asset objects reloaded before import = 0Number of asset objects unloaded after import = 0

========================================================================
Received Prepare
Refreshing native plugins compatible for Editor in 0.25 ms, found 2 plugins.
Preloading 0 native plugins for Editor in 0.00 ms.
Unloading 14 Unused Serialized files (Serialized files now loaded: 0)
Unloading 5925 unused Assets / (2.4 MB). Loaded Objects now: 6639.
Memory consumption went from 134.5 MB to 132.0 MB.
Total: 5.067208 ms (FindLiveObjects: 0.323667 ms CreateObjectMapping: 0.125750 ms MarkObjects: 3.632958 ms  DeleteObjects: 0.984041 ms)

Prepare: number of updated asset objects reloaded= 0
========================================================================
Received Import Request.
  Time since last request: 18.797963 seconds.
  path: Assets/Rigid_Bunny_by_Shape_Matching.cs
  artifactKey: Guid(4a206a17ab354461d9109c257bb47bf2) Importer(815301076,1909f56bfc062723c751e8b465ee728b)
Start importing Assets/Rigid_Bunny_by_Shape_Matching.cs using Guid(4a206a17ab354461d9109c257bb47bf2) Importer(815301076,1909f56bfc062723c751e8b465ee728b) (PreviewImporter) -> (artifact id: 'd3cd0e31ab83b527e407fb893fe1862f') in 0.000275333 seconds
Number of updated asset objects reloaded before import = 0Number of asset objects unloaded after import = 0

========================================================================
Received Prepare
Refreshing native plugins compatible for Editor in 0.27 ms, found 2 plugins.
Preloading 0 native plugins for Editor in 0.00 ms.
Unloading 14 Unused Serialized files (Serialized files now loaded: 0)
Unloading 5925 unused Assets / (2.2 MB). Loaded Objects now: 6639.
Memory consumption went from 134.5 MB to 132.2 MB.
Total: 4.996709 ms (FindLiveObjects: 0.283916 ms CreateObjectMapping: 0.106834 ms MarkObjects: 3.582083 ms  DeleteObjects: 1.023417 ms)

Prepare: number of updated asset objects reloaded= 0
========================================================================
Received Import Request.
  Time since last request: 41.275674 seconds.
  path: Assets/Rigid_Bunny_by_Shape_Matching.cs
  artifactKey: Guid(4a206a17ab354461d9109c257bb47bf2) Importer(815301076,1909f56bfc062723c751e8b465ee728b)
Start importing Assets/Rigid_Bunny_by_Shape_Matching.cs using Guid(4a206a17ab354461d9109c257bb47bf2) Importer(815301076,1909f56bfc062723c751e8b465ee728b) (PreviewImporter) -> (artifact id: '353f487adbcccf1c9b31b60c456db41c') in 0.000300709 seconds
Number of updated asset objects reloaded before import = 0Number of asset objects unloaded after import = 0

========================================================================
Received Prepare
Refreshing native plugins compatible for Editor in 0.23 ms, found 2 plugins.
Preloading 0 native plugins for Editor in 0.00 ms.
Unloading 14 Unused Serialized files (Serialized files now loaded: 0)
Unloading 5925 unused Assets / (2.6 MB). Loaded Objects now: 6639.
Memory consumption went from 134.5 MB to 131.8 MB.
Total: 5.099958 ms (FindLiveObjects: 0.294667 ms CreateObjectMapping: 0.114000 ms MarkObjects: 3.764250 ms  DeleteObjects: 0.926708 ms)

Prepare: number of updated asset objects reloaded= 0
========================================================================
Received Import Request.
  Time since last request: 40.115836 seconds.
  path: Assets/Rigid_Bunny_by_Shape_Matching.cs
  artifactKey: Guid(4a206a17ab354461d9109c257bb47bf2) Importer(815301076,1909f56bfc062723c751e8b465ee728b)
Start importing Assets/Rigid_Bunny_by_Shape_Matching.cs using Guid(4a206a17ab354461d9109c257bb47bf2) Importer(815301076,1909f56bfc062723c751e8b465ee728b) (PreviewImporter) -> (artifact id: 'e9bf4f7a150d5c0c2916181e1e6cd265') in 0.000263542 seconds
Number of updated asset objects reloaded before import = 0Number of asset objects unloaded after import = 0

========================================================================
Received Prepare
Begin MonoManager ReloadAssembly
Thread 0x17dc93000 may have been prematurely finalized
- Loaded All Assemblies, in  0.358 seconds
Refreshing native plugins compatible for Editor in 0.19 ms, found 2 plugins.
Native extension for OSXStandalone target not found
Mono: successfully reloaded assembly
- Finished resetting the current domain, in  0.472 seconds
Domain Reload Profiling: 832ms
	BeginReloadAssembly (96ms)
		ExecutionOrderSort (0ms)
		DisableScriptedObjects (5ms)
		BackupInstance (0ms)
		ReleaseScriptingObjects (0ms)
		CreateAndSetChildDomain (33ms)
	RebuildCommonClasses (20ms)
	RebuildNativeTypeToScriptingClass (8ms)
	initialDomainReloadingComplete (14ms)
	LoadAllAssembliesAndSetupDomain (222ms)
		LoadAssemblies (155ms)
		RebuildTransferFunctionScriptingTraits (0ms)
		AnalyzeDomain (96ms)
			TypeCache.Refresh (7ms)
				TypeCache.ScanAssembly (0ms)
			BuildScriptInfoCaches (82ms)
			ResolveRequiredComponents (5ms)
	FinalizeReload (472ms)
		ReleaseScriptCaches (0ms)
		RebuildScriptCaches (0ms)
		SetupLoadedEditorAssemblies (366ms)
			LogAssemblyErrors (0ms)
			InitializePlatformSupportModulesInManaged (1ms)
			SetLoadedEditorAssemblies (4ms)
			BeforeProcessingInitializeOnLoad (94ms)
			ProcessInitializeOnLoadAttributes (237ms)
			ProcessInitializeOnLoadMethodAttributes (29ms)
			AfterProcessingInitializeOnLoad (1ms)
			EditorAssembliesLoaded (0ms)
		ExecutionOrderSort2 (0ms)
		AwakeInstancesAfterBackupRestoration (5ms)
Refreshing native plugins compatible for Editor in 0.27 ms, found 2 plugins.
Preloading 0 native plugins for Editor in 0.00 ms.
Unloading 14 Unused Serialized files (Serialized files now loaded: 0)
Unloading 5932 unused Assets / (4.1 MB). Loaded Objects now: 6641.
Memory consumption went from 144.4 MB to 140.3 MB.
Total: 5.611208 ms (FindLiveObjects: 0.299792 ms CreateObjectMapping: 0.147416 ms MarkObjects: 4.045375 ms  DeleteObjects: 1.118125 ms)

Prepare: number of updated asset objects reloaded= 0
========================================================================
Received Import Request.
  Time since last request: 77.811635 seconds.
  path: Assets/Rigid_Bunny_by_Shape_Matching.cs
  artifactKey: Guid(4a206a17ab354461d9109c257bb47bf2) Importer(815301076,1909f56bfc062723c751e8b465ee728b)
Start importing Assets/Rigid_Bunny_by_Shape_Matching.cs using Guid(4a206a17ab354461d9109c257bb47bf2) Importer(815301076,1909f56bfc062723c751e8b465ee728b) (PreviewImporter) -> (artifact id: '2edb39493fde054432b441cbed4db7e6') in 0.001284875 seconds
Number of updated asset objects reloaded before import = 0Number of asset objects unloaded after import = 0

========================================================================
Received Prepare
Begin MonoManager ReloadAssembly
Thread 0x17d803000 may have been prematurely finalized
- Loaded All Assemblies, in  0.314 seconds
Refreshing native plugins compatible for Editor in 0.17 ms, found 2 plugins.
Native extension for OSXStandalone target not found
Mono: successfully reloaded assembly
- Finished resetting the current domain, in  0.452 seconds
Domain Reload Profiling: 768ms
	BeginReloadAssembly (80ms)
		ExecutionOrderSort (0ms)
		DisableScriptedObjects (3ms)
		BackupInstance (0ms)
		ReleaseScriptingObjects (0ms)
		CreateAndSetChildDomain (26ms)
	RebuildCommonClasses (19ms)
	RebuildNativeTypeToScriptingClass (8ms)
	initialDomainReloadingComplete (10ms)
	LoadAllAssembliesAndSetupDomain (199ms)
		LoadAssemblies (130ms)
		RebuildTransferFunctionScriptingTraits (0ms)
		AnalyzeDomain (93ms)
			TypeCache.Refresh (6ms)
				TypeCache.ScanAssembly (0ms)
			BuildScriptInfoCaches (81ms)
			ResolveRequiredComponents (5ms)
	FinalizeReload (452ms)
		ReleaseScriptCaches (0ms)
		RebuildScriptCaches (0ms)
		SetupLoadedEditorAssemblies (351ms)
			LogAssemblyErrors (0ms)
			InitializePlatformSupportModulesInManaged (1ms)
			SetLoadedEditorAssemblies (4ms)
			BeforeProcessingInitializeOnLoad (89ms)
			ProcessInitializeOnLoadAttributes (227ms)
			ProcessInitializeOnLoadMethodAttributes (30ms)
			AfterProcessingInitializeOnLoad (1ms)
			EditorAssembliesLoaded (0ms)
		ExecutionOrderSort2 (0ms)
		AwakeInstancesAfterBackupRestoration (5ms)
Refreshing native plugins compatible for Editor in 0.24 ms, found 2 plugins.
Preloading 0 native plugins for Editor in 0.00 ms.
Unloading 14 Unused Serialized files (Serialized files now loaded: 0)
Unloading 5932 unused Assets / (3.1 MB). Loaded Objects now: 6643.
Memory consumption went from 148.9 MB to 145.8 MB.
Total: 5.335333 ms (FindLiveObjects: 0.320625 ms CreateObjectMapping: 0.116083 ms MarkObjects: 3.687625 ms  DeleteObjects: 1.210792 ms)

Prepare: number of updated asset objects reloaded= 0
========================================================================
Received Prepare
Refreshing native plugins compatible for Editor in 0.23 ms, found 2 plugins.
Preloading 0 native plugins for Editor in 0.00 ms.
Unloading 14 Unused Serialized files (Serialized files now loaded: 0)
Unloading 5925 unused Assets / (3.3 MB). Loaded Objects now: 6643.
Memory consumption went from 140.6 MB to 137.2 MB.
Total: 6.090083 ms (FindLiveObjects: 0.311250 ms CreateObjectMapping: 0.109875 ms MarkObjects: 4.478541 ms  DeleteObjects: 1.190209 ms)

Prepare: number of updated asset objects reloaded= 0
========================================================================
Received Import Request.
  Time since last request: 175.932458 seconds.
  path: Assets/Rigid_Bunny_by_Shape_Matching.cs
  artifactKey: Guid(4a206a17ab354461d9109c257bb47bf2) Importer(815301076,1909f56bfc062723c751e8b465ee728b)
Start importing Assets/Rigid_Bunny_by_Shape_Matching.cs using Guid(4a206a17ab354461d9109c257bb47bf2) Importer(815301076,1909f56bfc062723c751e8b465ee728b) (PreviewImporter) -> (artifact id: 'fb0fc92e3e5791def754e46b1544ea28') in 0.000972291 seconds
Number of updated asset objects reloaded before import = 0Number of asset objects unloaded after import = 0

========================================================================
Received Prepare
Begin MonoManager ReloadAssembly
Thread 0x17d803000 may have been prematurely finalized
- Loaded All Assemblies, in  0.323 seconds
Refreshing native plugins compatible for Editor in 0.15 ms, found 2 plugins.
Native extension for OSXStandalone target not found
Mono: successfully reloaded assembly
- Finished resetting the current domain, in  0.418 seconds
Domain Reload Profiling: 743ms
	BeginReloadAssembly (80ms)
		ExecutionOrderSort (0ms)
		DisableScriptedObjects (4ms)
		BackupInstance (0ms)
		ReleaseScriptingObjects (0ms)
		CreateAndSetChildDomain (28ms)
	RebuildCommonClasses (19ms)
	RebuildNativeTypeToScriptingClass (8ms)
	initialDomainReloadingComplete (10ms)
	LoadAllAssembliesAndSetupDomain (209ms)
		LoadAssemblies (138ms)
		RebuildTransferFunctionScriptingTraits (0ms)
		AnalyzeDomain (94ms)
			TypeCache.Refresh (6ms)
				TypeCache.ScanAssembly (0ms)
			BuildScriptInfoCaches (81ms)
			ResolveRequiredComponents (6ms)
	FinalizeReload (418ms)
		ReleaseScriptCaches (0ms)
		RebuildScriptCaches (0ms)
		SetupLoadedEditorAssemblies (320ms)
			LogAssemblyErrors (0ms)
			InitializePlatformSupportModulesInManaged (1ms)
			SetLoadedEditorAssemblies (4ms)
			BeforeProcessingInitializeOnLoad (84ms)
			ProcessInitializeOnLoadAttributes (205ms)
			ProcessInitializeOnLoadMethodAttributes (26ms)
			AfterProcessingInitializeOnLoad (0ms)
			EditorAssembliesLoaded (0ms)
		ExecutionOrderSort2 (0ms)
		AwakeInstancesAfterBackupRestoration (4ms)
Refreshing native plugins compatible for Editor in 0.23 ms, found 2 plugins.
Preloading 0 native plugins for Editor in 0.00 ms.
Unloading 14 Unused Serialized files (Serialized files now loaded: 0)
Unloading 5932 unused Assets / (3.7 MB). Loaded Objects now: 6645.
Memory consumption went from 151.0 MB to 147.3 MB.
Total: 4.824417 ms (FindLiveObjects: 0.280833 ms CreateObjectMapping: 0.148625 ms MarkObjects: 3.347625 ms  DeleteObjects: 1.047042 ms)

Prepare: number of updated asset objects reloaded= 0
========================================================================
Received Prepare
Begin MonoManager ReloadAssembly
Thread 0x17d803000 may have been prematurely finalized
- Loaded All Assemblies, in  0.318 seconds
Refreshing native plugins compatible for Editor in 0.17 ms, found 2 plugins.
Native extension for OSXStandalone target not found
Mono: successfully reloaded assembly
- Finished resetting the current domain, in  0.443 seconds
Domain Reload Profiling: 763ms
	BeginReloadAssembly (79ms)
		ExecutionOrderSort (0ms)
		DisableScriptedObjects (3ms)
		BackupInstance (0ms)
		ReleaseScriptingObjects (0ms)
		CreateAndSetChildDomain (26ms)
	RebuildCommonClasses (19ms)
	RebuildNativeTypeToScriptingClass (8ms)
	initialDomainReloadingComplete (10ms)
	LoadAllAssembliesAndSetupDomain (204ms)
		LoadAssemblies (136ms)
		RebuildTransferFunctionScriptingTraits (0ms)
		AnalyzeDomain (93ms)
			TypeCache.Refresh (5ms)
				TypeCache.ScanAssembly (0ms)
			BuildScriptInfoCaches (81ms)
			ResolveRequiredComponents (5ms)
	FinalizeReload (443ms)
		ReleaseScriptCaches (0ms)
		RebuildScriptCaches (0ms)
		SetupLoadedEditorAssemblies (346ms)
			LogAssemblyErrors (0ms)
			InitializePlatformSupportModulesInManaged (1ms)
			SetLoadedEditorAssemblies (4ms)
			BeforeProcessingInitializeOnLoad (83ms)
			ProcessInitializeOnLoadAttributes (228ms)
			ProcessInitializeOnLoadMethodAttributes (29ms)
			AfterProcessingInitializeOnLoad (1ms)
			EditorAssembliesLoaded (0ms)
		ExecutionOrderSort2 (0ms)
		AwakeInstancesAfterBackupRestoration (5ms)
Refreshing native plugins compatible for Editor in 0.26 ms, found 2 plugins.
Preloading 0 native plugins for Editor in 0.00 ms.
Unloading 14 Unused Serialized files (Serialized files now loaded: 0)
Unloading 5932 unused Assets / (2.9 MB). Loaded Objects now: 6647.
Memory consumption went from 155.5 MB to 152.6 MB.
Total: 5.510167 ms (FindLiveObjects: 0.333709 ms CreateObjectMapping: 0.140334 ms MarkObjects: 3.812875 ms  DeleteObjects: 1.222959 ms)

Prepare: number of updated asset objects reloaded= 0
